Added Component: Designator=19?(0805 (Resistor))
Add component. Clean all parameters for all variants
Added Component: Designator=C1(0805 (Capacitor))
Add component. Clean all parameters for all variants
Added Component: Designator=C2(0805 (Capacitor))
Add component. Clean all parameters for all variants
Added Component: Designator=C3(0805 (Capacitor))
Add component. Clean all parameters for all variants
Added Component: Designator=C4(0805 (Capacitor))
Add component. Clean all parameters for all variants
Added Component: Designator=C5(0805 (Capacitor))
Add component. Clean all parameters for all variants
Added Component: Designator=C6(0805 (Capacitor))
Add component. Clean all parameters for all variants
Added Component: Designator=C7(0805 (Capacitor))
Add component. Clean all parameters for all variants
Added Component: Designator=C8(0805 (Capacitor))
Add component. Clean all parameters for all variants
Added Component: Designator=C9(0805 (Capacitor))
Add component. Clean all parameters for all variants
Added Component: Designator=C10(0805 (Capacitor))
Add component. Clean all parameters for all variants
Added Component: Designator=C11(0805 (Capacitor))
Add component. Clean all parameters for all variants
Added Component: Designator=C12(0805 (Capacitor))
Add component. Clean all parameters for all variants
Added Component: Designator=C13(0805 (Capacitor))
Add component. Clean all parameters for all variants
Added Component: Designator=C14(0805 (Capacitor))
Add component. Clean all parameters for all variants
Added Component: Designator=C15(0805 (Capacitor))
Add component. Clean all parameters for all variants
Added Component: Designator=C16(0805 (Capacitor))
Add component. Clean all parameters for all variants
Added Component: Designator=C17(0805 (Capacitor))
Add component. Clean all parameters for all variants
Added Component: Designator=C18(0805 (Capacitor))
Add component. Clean all parameters for all variants
Added Component: Designator=C19(0805 (Capacitor))
Add component. Clean all parameters for all variants
Added Component: Designator=C20(0805 (Capacitor))
Add component. Clean all parameters for all variants
Added Component: Designator=C21(0805 (Capacitor))
Add component. Clean all parameters for all variants
Added Component: Designator=C22(0805 (Capacitor))
Add component. Clean all parameters for all variants
Added Component: Designator=C23(0805 (Capacitor))
Add component. Clean all parameters for all variants
Added Component: Designator=C24(0805 (Capacitor))
Add component. Clean all parameters for all variants
Added Component: Designator=C25(0805 (Capacitor))
Add component. Clean all parameters for all variants
Added Component: Designator=C26(0805 (Capacitor))
Add component. Clean all parameters for all variants
Added Component: Designator=IC1(BGA38C80P6X7_572X628X96)
Add component. Clean all parameters for all variants
Add component (AddParameter): Name = "Arrow Part Number"; Value = ""; VariantName = "[No Variations]"
Add component (AddParameter): Name = "Arrow Price/Stock"; Value = ""; VariantName = "[No Variations]"
Add component (AddParameter): Name = "Datasheet Link"; Value = "https://www.uctronics.com/download/cam_module/OV2640DS.pdf"; VariantName = "[No Variations]"
Add component (AddParameter): Name = "Height"; Value = "0.965mm"; VariantName = "[No Variations]"
Add component (AddParameter): Name = "Manufacturer_Name"; Value = "Omnivision"; VariantName = "[No Variations]"
Add component (AddParameter): Name = "Manufacturer_Part_Number"; Value = "OV2640-VL9A"; VariantName = "[No Variations]"
Add component (AddParameter): Name = "Mouser Part Number"; Value = ""; VariantName = "[No Variations]"
Add component (AddParameter): Name = "Mouser Price/Stock"; Value = ""; VariantName = "[No Variations]"
Added Component: Designator=IC2(QFN50P400X400X100-25N-D)
Add component. Clean all parameters for all variants
Add component (AddParameter): Name = "Arrow Part Number"; Value = "BQ24295RGER"; VariantName = "[No Variations]"
Add component (AddParameter): Name = "Arrow Price/Stock"; Value = "https://www.arrow.com/en/products/bq24295rger/texas-instruments"; VariantName = "[No Variations]"
Add component (AddParameter): Name = "Datasheet Link"; Value = "http://www.ti.com/lit/ds/symlink/bq24295.pdf"; VariantName = "[No Variations]"
Add component (AddParameter): Name = "Height"; Value = "1mm"; VariantName = "[No Variations]"
Add component (AddParameter): Name = "Manufacturer_Name"; Value = "Texas Instruments"; VariantName = "[No Variations]"
Add component (AddParameter): Name = "Manufacturer_Part_Number"; Value = "BQ24295RGER"; VariantName = "[No Variations]"
Add component (AddParameter): Name = "Mouser Part Number"; Value = "595-BQ24295RGER"; VariantName = "[No Variations]"
Add component (AddParameter): Name = "Mouser Price/Stock"; Value = "https://www.mouser.co.uk/ProductDetail/Texas-Instruments/BQ24295RGER?qs=igp4D3uu33JuaPeRfsSg2w%3D%3D"; VariantName = "[No Variations]"
Added Component: Designator=IC3(QFN50P400X400X100-25N-D)
Add component. Clean all parameters for all variants
Add component (AddParameter): Name = "Arrow Part Number"; Value = ""; VariantName = "[No Variations]"
Add component (AddParameter): Name = "Arrow Price/Stock"; Value = ""; VariantName = "[No Variations]"
Add component (AddParameter): Name = "Datasheet Link"; Value = "http://ww1.microchip.com/downloads/en/DeviceDoc/8720a.pdf"; VariantName = "[No Variations]"
Add component (AddParameter): Name = "Height"; Value = "1mm"; VariantName = "[No Variations]"
Add component (AddParameter): Name = "Manufacturer_Name"; Value = "Microchip"; VariantName = "[No Variations]"
Add component (AddParameter): Name = "Manufacturer_Part_Number"; Value = "LAN8720ACP"; VariantName = "[No Variations]"
Add component (AddParameter): Name = "Mouser Part Number"; Value = ""; VariantName = "[No Variations]"
Add component (AddParameter): Name = "Mouser Price/Stock"; Value = ""; VariantName = "[No Variations]"
Added Component: Designator=IC?(QFP50P1600X1600X160-100N)
Add component. Clean all parameters for all variants
Add component (AddParameter): Name = "Arrow Part Number"; Value = "STM32F407VGT6"; VariantName = "[No Variations]"
Add component (AddParameter): Name = "Arrow Price/Stock"; Value = "https://www.arrow.com/en/products/stm32f407vgt6/stmicroelectronics?region=nac"; VariantName = "[No Variations]"
Add component (AddParameter): Name = "Datasheet Link"; Value = "http://www.st.com/web/en/resource/technical/document/datasheet/DM00037051.pdf"; VariantName = "[No Variations]"
Add component (AddParameter): Name = "Height"; Value = "1.6mm"; VariantName = "[No Variations]"
Add component (AddParameter): Name = "Manufacturer_Name"; Value = "STMicroelectronics"; VariantName = "[No Variations]"
Add component (AddParameter): Name = "Manufacturer_Part_Number"; Value = "STM32F407VGT6"; VariantName = "[No Variations]"
Add component (AddParameter): Name = "Mouser Part Number"; Value = "511-STM32F407VGT6"; VariantName = "[No Variations]"
Add component (AddParameter): Name = "Mouser Price/Stock"; Value = "https://www.mouser.co.uk/ProductDetail/STMicroelectronics/STM32F407VGT6?qs=Z8%252BeY1k3TIKAEQqwbO%2FOzA%3D%3D"; VariantName = "[No Variations]"
Added Component: Designator=J1(0473461001)
Add component. Clean all parameters for all variants
Add component (AddParameter): Name = "Arrow Part Number"; Value = "0473461001"; VariantName = "[No Variations]"
Add component (AddParameter): Name = "Arrow Price/Stock"; Value = "https://www.arrow.com/en/products/0473461001/molex?region=nac"; VariantName = "[No Variations]"
Add component (AddParameter): Name = "Datasheet Link"; Value = "https://componentsearchengine.com/Datasheets/1/0473461001.pdf"; VariantName = "[No Variations]"
Add component (AddParameter): Name = "Height"; Value = "2.45mm"; VariantName = "[No Variations]"
Add component (AddParameter): Name = "Manufacturer_Name"; Value = "Molex"; VariantName = "[No Variations]"
Add component (AddParameter): Name = "Manufacturer_Part_Number"; Value = "0473461001"; VariantName = "[No Variations]"
Add component (AddParameter): Name = "Mouser Part Number"; Value = "N/A"; VariantName = "[No Variations]"
Add component (AddParameter): Name = "Mouser Price/Stock"; Value = "https://www.mouser.co.uk/ProductDetail/Molex/0473461001?qs=2bnkQPT%252BPafTZgGVt%2FOGfA%3D%3D"; VariantName = "[No Variations]"
Added Component: Designator=J?(RJ458NB)
Add component. Clean all parameters for all variants
Add component (AddParameter): Name = "Arrow Part Number"; Value = "RJ45-8N-B"; VariantName = "[No Variations]"
Add component (AddParameter): Name = "Arrow Price/Stock"; Value = "https://www.arrow.com/en/products/rj45-8n-b/te-connectivity"; VariantName = "[No Variations]"
Add component (AddParameter): Name = "Datasheet Link"; Value = "http://www.te.com/commerce/DocumentDelivery/DDEController?Action=showdoc&DocId=Catalog+Section%7F1654001_CORCOM_PROD_GUIDE_N_RJJACK%7F0611%7Fpdf%7FEnglish%7FENG_CS_1654001_CORCOM_PROD_GUIDE_N_RJJACK_0611.pdf%7F1-6609212-0"; VariantName = "[No Variations]"
Add component (AddParameter): Name = "Manufacturer_Name"; Value = "TE Connectivity"; VariantName = "[No Variations]"
Add component (AddParameter): Name = "Manufacturer_Part_Number"; Value = "RJ45-8N-B"; VariantName = "[No Variations]"
Add component (AddParameter): Name = "Mouser Part Number"; Value = "592-RJ45-8N-B"; VariantName = "[No Variations]"
Add component (AddParameter): Name = "Mouser Price/Stock"; Value = "https://www.mouser.co.uk/ProductDetail/TE-Connectivity-Corcom/RJ45-8N-B?qs=PWRU6g5o8yKVRe9hc1HZUQ%3D%3D"; VariantName = "[No Variations]"
Added Component: Designator=L1(IND: SDR0604)
Add component. Clean all parameters for all variants
Add component (AddParameter): Name = "HelpURL"; Value = "https://www.digikey.com/product-detail/en/murata-electronics-north-america/LQM18FN100M00D/490-4025-1-ND/1016285"; VariantName = "[No Variations]"
Add component (AddParameter): Name = "Manufacturer"; Value = "Murata Electronics"; VariantName = "[No Variations]"
Add component (AddParameter): Name = "MaxCurrent"; Value = "50mA"; VariantName = "[No Variations]"
Add component (AddParameter): Name = "Package"; Value = "0603"; VariantName = "[No Variations]"
Add component (AddParameter): Name = "PartNumber"; Value = "LQM18FN100M00D"; VariantName = "[No Variations]"
Add component (AddParameter): Name = "Temperature"; Value = "-55...+125°C"; VariantName = "[No Variations]"
Add component (AddParameter): Name = "Tolerance"; Value = ""; VariantName = "[No Variations]"
Add component (AddParameter): Name = "TypeInductor"; Value = "Fixed inductor"; VariantName = "[No Variations]"
Add component (AddParameter): Name = "Value"; Value = ""; VariantName = "[No Variations]"
Add component (AddParameter): Name = "ValueManufacturerPartNumber"; Value = "Fixed inductor, , , 0603, 50mA, -55...+125°C"; VariantName = "[No Variations]"
Added Component: Designator=PS?(SOT95P280X145-5N)
Add component. Clean all parameters for all variants
Add component (AddParameter): Name = "Arrow Part Number"; Value = "AP2202K-ADJTRG1"; VariantName = "[No Variations]"
Add component (AddParameter): Name = "Arrow Price/Stock"; Value = "https://www.arrow.com/en/products/ap2202k-adjtrg1/diodes-incorporated"; VariantName = "[No Variations]"
Add component (AddParameter): Name = "Datasheet Link"; Value = "https://datasheet.datasheetarchive.com/originals/distributors/Datasheets_SAMA/e861ef6f8b654668a5f87b1391b432c9.pdf"; VariantName = "[No Variations]"
Add component (AddParameter): Name = "Height"; Value = "1.45mm"; VariantName = "[No Variations]"
Add component (AddParameter): Name = "Manufacturer_Name"; Value = "Diodes Inc."; VariantName = "[No Variations]"
Add component (AddParameter): Name = "Manufacturer_Part_Number"; Value = "AP2202K-ADJTRG1"; VariantName = "[No Variations]"
Add component (AddParameter): Name = "Mouser Part Number"; Value = "621-AP2202K-ADJTRG1"; VariantName = "[No Variations]"
Add component (AddParameter): Name = "Mouser Price/Stock"; Value = "https://www.mouser.co.uk/ProductDetail/Diodes-Incorporated/AP2202K-ADJTRG1/?qs=x6A8l6qLYDCHGTWtscGpkA%3D%3D"; VariantName = "[No Variations]"
Added Component: Designator=R1(0805 (Resistor))
Add component. Clean all parameters for all variants
Added Component: Designator=R2(0805 (Resistor))
Add component. Clean all parameters for all variants
Added Component: Designator=R3(0805 (Resistor))
Add component. Clean all parameters for all variants
Added Component: Designator=R4(0805 (Resistor))
Add component. Clean all parameters for all variants
Added Component: Designator=R5(0805 (Resistor))
Add component. Clean all parameters for all variants
Added Component: Designator=R6(0805 (Resistor))
Add component. Clean all parameters for all variants
Added Component: Designator=R7(0805 (Resistor))
Add component. Clean all parameters for all variants
Added Component: Designator=R8(0805 (Resistor))
Add component. Clean all parameters for all variants
Added Component: Designator=R9(0805 (Resistor))
Add component. Clean all parameters for all variants
Added Component: Designator=R10(0805 (Resistor))
Add component. Clean all parameters for all variants
Added Component: Designator=R11(0805 (Resistor))
Add component. Clean all parameters for all variants
Added Component: Designator=R12(0805 (Resistor))
Add component. Clean all parameters for all variants
Added Component: Designator=R13(0805 (Resistor))
Add component. Clean all parameters for all variants
Added Component: Designator=R14(0805 (Resistor))
Add component. Clean all parameters for all variants
Added Component: Designator=R15(0805 (Resistor))
Add component. Clean all parameters for all variants
Added Component: Designator=R16(0805 (Resistor))
Add component. Clean all parameters for all variants
Added Component: Designator=R17(0805 (Resistor))
Add component. Clean all parameters for all variants
Added Component: Designator=R18(0805 (Resistor))
Add component. Clean all parameters for all variants
Added Component: Designator=R20(0805 (Resistor))
Add component. Clean all parameters for all variants
Added Component: Designator=RK?(0805 (Resistor))
Add component. Clean all parameters for all variants
Added Component: Designator=VD1(LED)
Add component. Clean all parameters for all variants
Add component (AddParameter): Name = "ColorParameter"; Value = "Green"; VariantName = "[No Variations]"
Add component (AddParameter): Name = "Current"; Value = ""; VariantName = "[No Variations]"
Add component (AddParameter): Name = "HelpURL"; Value = ""; VariantName = "[No Variations]"
Add component (AddParameter): Name = "Manufacturer"; Value = ""; VariantName = "[No Variations]"
Add component (AddParameter): Name = "Package"; Value = ""; VariantName = "[No Variations]"
Add component (AddParameter): Name = "PartNumber"; Value = ""; VariantName = "[No Variations]"
Add component (AddParameter): Name = "Temperature"; Value = "-55...+150°C"; VariantName = "[No Variations]"
Add component (AddParameter): Name = "TypeDiode"; Value = "LED"; VariantName = "[No Variations]"
Add component (AddParameter): Name = "ValueManufacturerPartNumber"; Value = "LED, Green, *, *, *, -55...+150°C"; VariantName = "[No Variations]"
Add component (AddParameter): Name = "VoltageDrop"; Value = ""; VariantName = "[No Variations]"
Added Component: Designator=XP?(SWD)
Add component. Clean all parameters for all variants
Added Component: Designator=Y1(403C11A20M00000)
Add component. Clean all parameters for all variants
Add component (AddParameter): Name = "Arrow Part Number"; Value = "403C11A24M00000"; VariantName = "[No Variations]"
Add component (AddParameter): Name = "Arrow Price/Stock"; Value = "https://www.arrow.com/en/products/403c11a24m00000/cts"; VariantName = "[No Variations]"
Add component (AddParameter): Name = "Datasheet Link"; Value = "https://datasheet.datasheetarchive.com/originals/dk/DKDS-12/236325.pdf"; VariantName = "[No Variations]"
Add component (AddParameter): Name = "Height"; Value = "0.75mm"; VariantName = "[No Variations]"
Add component (AddParameter): Name = "Manufacturer_Name"; Value = "CTS"; VariantName = "[No Variations]"
Add component (AddParameter): Name = "Manufacturer_Part_Number"; Value = "403C11A24M00000"; VariantName = "[No Variations]"
Add component (AddParameter): Name = "Mouser Part Number"; Value = "774-403C11A24M00000"; VariantName = "[No Variations]"
Add component (AddParameter): Name = "Mouser Price/Stock"; Value = "https://www.mouser.co.uk/ProductDetail/CTS-Electronic-Components/403C11A24M00000?qs=9D%2FjjU8ZSZ6G6K4SP5chGw%3D%3D"; VariantName = "[No Variations]"
Added Component: Designator=Y2(405C11A25M00000)
Add component. Clean all parameters for all variants
Add component (AddParameter): Name = "Arrow Part Number"; Value = "405C11A25M00000"; VariantName = "[No Variations]"
Add component (AddParameter): Name = "Arrow Price/Stock"; Value = "https://www.arrow.com/en/products/405c11a25m00000/cts"; VariantName = "[No Variations]"
Add component (AddParameter): Name = "Datasheet Link"; Value = "https://componentsearchengine.com/Datasheets/1/405C11A25M00000.pdf"; VariantName = "[No Variations]"
Add component (AddParameter): Name = "Height"; Value = "1mm"; VariantName = "[No Variations]"
Add component (AddParameter): Name = "Manufacturer_Name"; Value = "CTS"; VariantName = "[No Variations]"
Add component (AddParameter): Name = "Manufacturer_Part_Number"; Value = "405C11A25M00000"; VariantName = "[No Variations]"
Add component (AddParameter): Name = "Mouser Part Number"; Value = "774-405C11A25M00000"; VariantName = "[No Variations]"
Add component (AddParameter): Name = "Mouser Price/Stock"; Value = "https://www.mouser.com/Search/Refine.aspx?Keyword=774-405C11A25M00000"; VariantName = "[No Variations]"
Added Component: Designator=Z2(OSC: 2016)
Add component. Clean all parameters for all variants
Add component (AddParameter): Name = "Frequency"; Value = ""; VariantName = "[No Variations]"
Add component (AddParameter): Name = "HelpURL"; Value = "https://www.digikey.com/product-detail/en/murata-electronics-north-america/XRCGB25M000F0L00R0/490-5577-1-ND/2368391"; VariantName = "[No Variations]"
Add component (AddParameter): Name = "LoadCapacitance"; Value = "6pF"; VariantName = "[No Variations]"
Add component (AddParameter): Name = "Manufacturer"; Value = "Murata Electronics"; VariantName = "[No Variations]"
Add component (AddParameter): Name = "Package"; Value = "case 2016"; VariantName = "[No Variations]"
Add component (AddParameter): Name = "PartNumber"; Value = "XRCGB25M000F0L00R0"; VariantName = "[No Variations]"
Add component (AddParameter): Name = "Temperature"; Value = "-30...+85°C"; VariantName = "[No Variations]"
Add component (AddParameter): Name = "Tolerance"; Value = "±50ppm"; VariantName = "[No Variations]"
Add component (AddParameter): Name = "TypeOscilator"; Value = "Crystal"; VariantName = "[No Variations]"
Add component (AddParameter): Name = "ValueManufacturerPartNumber"; Value = "Crystal, , 6pF, ±50ppm, case 2016, -30...+85°C"; VariantName = "[No Variations]"
Added Component: Designator=Z?(OSC: 2016)
Add component. Clean all parameters for all variants
Add component (AddParameter): Name = "Frequency"; Value = ""; VariantName = "[No Variations]"
Add component (AddParameter): Name = "HelpURL"; Value = "https://www.digikey.com/product-detail/en/murata-electronics-north-america/XRCGB25M000F0L00R0/490-5577-1-ND/2368391"; VariantName = "[No Variations]"
Add component (AddParameter): Name = "LoadCapacitance"; Value = "6pF"; VariantName = "[No Variations]"
Add component (AddParameter): Name = "Manufacturer"; Value = "Murata Electronics"; VariantName = "[No Variations]"
Add component (AddParameter): Name = "Package"; Value = "case 2016"; VariantName = "[No Variations]"
Add component (AddParameter): Name = "PartNumber"; Value = "XRCGB25M000F0L00R0"; VariantName = "[No Variations]"
Add component (AddParameter): Name = "Temperature"; Value = "-30...+85°C"; VariantName = "[No Variations]"
Add component (AddParameter): Name = "Tolerance"; Value = "±50ppm"; VariantName = "[No Variations]"
Add component (AddParameter): Name = "TypeOscilator"; Value = "Crystal"; VariantName = "[No Variations]"
Add component (AddParameter): Name = "ValueManufacturerPartNumber"; Value = "Crystal, , 6pF, ±50ppm, case 2016, -30...+85°C"; VariantName = "[No Variations]"
Added Pin To Net: NetName=+2.5V Pin=C2-2
Added Pin To Net: NetName=+2.5V Pin=C3-2
Added Pin To Net: NetName=+2.5V Pin=IC1-B3
Added Net: Name=+2.5V
Added Pin To Net: NetName=+3.3V Pin=C1-2
Added Pin To Net: NetName=+3.3V Pin=C8-1
Added Pin To Net: NetName=+3.3V Pin=C14-1
Added Pin To Net: NetName=+3.3V Pin=C16-1
Added Pin To Net: NetName=+3.3V Pin=IC1-B1
Added Pin To Net: NetName=+3.3V Pin=IC?-6
Added Pin To Net: NetName=+3.3V Pin=IC?-11
Added Pin To Net: NetName=+3.3V Pin=IC?-19
Added Pin To Net: NetName=+3.3V Pin=IC?-28
Added Pin To Net: NetName=+3.3V Pin=IC?-50
Added Pin To Net: NetName=+3.3V Pin=IC?-75
Added Pin To Net: NetName=+3.3V Pin=IC?-100
Added Pin To Net: NetName=+3.3V Pin=R13-2
Added Pin To Net: NetName=+3.3V Pin=XP?-1
Added Pin To Net: NetName=+3.3V Pin=Y1-1
Added Pin To Net: NetName=+3.3V Pin=Y1-4
Added Pin To Net: NetName=+3.3V Pin=Y2-1
Added Pin To Net: NetName=+3.3V Pin=Y2-4
Added Net: Name=+3.3V
Added Pin To Net: NetName=GND Pin=C1-1
Added Pin To Net: NetName=GND Pin=C2-1
Added Pin To Net: NetName=GND Pin=C3-1
Added Pin To Net: NetName=GND Pin=C4-1
Added Pin To Net: NetName=GND Pin=C5-1
Added Pin To Net: NetName=GND Pin=C6-1
Added Pin To Net: NetName=GND Pin=C7-1
Added Pin To Net: NetName=GND Pin=C8-2
Added Pin To Net: NetName=GND Pin=C9-2
Added Pin To Net: NetName=GND Pin=C10-1
Added Pin To Net: NetName=GND Pin=C11-2
Added Pin To Net: NetName=GND Pin=C12-2
Added Pin To Net: NetName=GND Pin=C13-1
Added Pin To Net: NetName=GND Pin=C14-2
Added Pin To Net: NetName=GND Pin=C15-1
Added Pin To Net: NetName=GND Pin=C16-2
Added Pin To Net: NetName=GND Pin=C17-2
Added Pin To Net: NetName=GND Pin=C18-2
Added Pin To Net: NetName=GND Pin=C22-2
Added Pin To Net: NetName=GND Pin=C23-2
Added Pin To Net: NetName=GND Pin=C24-2
Added Pin To Net: NetName=GND Pin=IC1-A1
Added Pin To Net: NetName=GND Pin=IC1-A3
Added Pin To Net: NetName=GND Pin=IC2-11
Added Pin To Net: NetName=GND Pin=IC2-15
Added Pin To Net: NetName=GND Pin=IC2-16
Added Pin To Net: NetName=GND Pin=IC2-17
Added Pin To Net: NetName=GND Pin=IC2-18
Added Pin To Net: NetName=GND Pin=IC2-24
Added Pin To Net: NetName=GND Pin=IC2-25
Added Pin To Net: NetName=GND Pin=IC3-25
Added Pin To Net: NetName=GND Pin=IC?-10
Added Pin To Net: NetName=GND Pin=IC?-20
Added Pin To Net: NetName=GND Pin=IC?-27
Added Pin To Net: NetName=GND Pin=IC?-74
Added Pin To Net: NetName=GND Pin=IC?-94
Added Pin To Net: NetName=GND Pin=J1-4
Added Pin To Net: NetName=GND Pin=J1-5
Added Pin To Net: NetName=GND Pin=J1-MP1
Added Pin To Net: NetName=GND Pin=J1-MP2
Added Pin To Net: NetName=GND Pin=J1-MP3
Added Pin To Net: NetName=GND Pin=J1-MP4
Added Pin To Net: NetName=GND Pin=J1-MP5
Added Pin To Net: NetName=GND Pin=J1-MP6
Added Pin To Net: NetName=GND Pin=L1-1
Added Pin To Net: NetName=GND Pin=R1-1
Added Pin To Net: NetName=GND Pin=R3-1
Added Pin To Net: NetName=GND Pin=R4-1
Added Pin To Net: NetName=GND Pin=R5-2
Added Pin To Net: NetName=GND Pin=R12-1
Added Pin To Net: NetName=GND Pin=R15-1
Added Pin To Net: NetName=GND Pin=R16-2
Added Pin To Net: NetName=GND Pin=R17-1
Added Pin To Net: NetName=GND Pin=R18-1
Added Pin To Net: NetName=GND Pin=RK?-1
Added Pin To Net: NetName=GND Pin=XP?-3
Added Pin To Net: NetName=GND Pin=Y1-2
Added Pin To Net: NetName=GND Pin=Y2-2
Added Net: Name=GND
Added Pin To Net: NetName=Net19?_1 Pin=19?-1
Added Pin To Net: NetName=Net19?_1 Pin=IC2-4
Added Net: Name=Net19?_1
Added Pin To Net: NetName=Net19?_2 Pin=19?-2
Added Net: Name=Net19?_2
Added Pin To Net: NetName=NetC4_2 Pin=C4-2
Added Pin To Net: NetName=NetC4_2 Pin=IC?-13
Added Pin To Net: NetName=NetC4_2 Pin=Z2-2
Added Net: Name=NetC4_2
Added Pin To Net: NetName=NetC5_2 Pin=C5-2
Added Pin To Net: NetName=NetC5_2 Pin=IC?-12
Added Pin To Net: NetName=NetC5_2 Pin=Z2-1
Added Net: Name=NetC5_2
Added Pin To Net: NetName=NetC6_2 Pin=C6-2
Added Pin To Net: NetName=NetC6_2 Pin=IC3-5
Added Pin To Net: NetName=NetC6_2 Pin=R2-1
Added Pin To Net: NetName=NetC6_2 Pin=Z?-1
Added Net: Name=NetC6_2
Added Pin To Net: NetName=NetC7_2 Pin=C7-2
Added Pin To Net: NetName=NetC7_2 Pin=IC3-4
Added Pin To Net: NetName=NetC7_2 Pin=R2-2
Added Pin To Net: NetName=NetC7_2 Pin=Z?-2
Added Net: Name=NetC7_2
Added Pin To Net: NetName=NetC9_1 Pin=C9-1
Added Pin To Net: NetName=NetC9_1 Pin=IC3-9
Added Net: Name=NetC9_1
Added Pin To Net: NetName=NetC10_2 Pin=C10-2
Added Pin To Net: NetName=NetC10_2 Pin=C13-2
Added Pin To Net: NetName=NetC10_2 Pin=IC3-19
Added Net: Name=NetC10_2
Added Pin To Net: NetName=NetC11_1 Pin=C11-1
Added Pin To Net: NetName=NetC11_1 Pin=IC3-6
Added Net: Name=NetC11_1
Added Pin To Net: NetName=NetC15_2 Pin=C15-2
Added Pin To Net: NetName=NetC15_2 Pin=C19-1
Added Pin To Net: NetName=NetC15_2 Pin=PS?-5
Added Pin To Net: NetName=NetC15_2 Pin=R6-1
Added Pin To Net: NetName=NetC15_2 Pin=R7-1
Added Pin To Net: NetName=NetC15_2 Pin=R8-1
Added Pin To Net: NetName=NetC15_2 Pin=R9-1
Added Pin To Net: NetName=NetC15_2 Pin=R10-1
Added Pin To Net: NetName=NetC15_2 Pin=R11-1
Added Net: Name=NetC15_2
Added Pin To Net: NetName=NetC17_1 Pin=C17-1
Added Pin To Net: NetName=NetC17_1 Pin=IC?-49
Added Net: Name=NetC17_1
Added Pin To Net: NetName=NetC18_1 Pin=C18-1
Added Pin To Net: NetName=NetC18_1 Pin=IC?-73
Added Net: Name=NetC18_1
Added Pin To Net: NetName=NetC19_2 Pin=C19-2
Added Pin To Net: NetName=NetC19_2 Pin=C20-2
Added Pin To Net: NetName=NetC19_2 Pin=C21-1
Added Pin To Net: NetName=NetC19_2 Pin=C26-1
Added Pin To Net: NetName=NetC19_2 Pin=PS?-2
Added Net: Name=NetC19_2
Added Pin To Net: NetName=NetC20_1 Pin=C20-1
Added Pin To Net: NetName=NetC20_1 Pin=PS?-4
Added Net: Name=NetC20_1
Added Pin To Net: NetName=NetC21_2 Pin=C21-2
Added Pin To Net: NetName=NetC21_2 Pin=C26-2
Added Pin To Net: NetName=NetC21_2 Pin=PS?-1
Added Pin To Net: NetName=NetC21_2 Pin=R20-2
Added Net: Name=NetC21_2
Added Pin To Net: NetName=NetC22_1 Pin=C22-1
Added Pin To Net: NetName=NetC22_1 Pin=IC2-22
Added Pin To Net: NetName=NetC22_1 Pin=R14-2
Added Net: Name=NetC22_1
Added Pin To Net: NetName=NetC23_1 Pin=C23-1
Added Pin To Net: NetName=NetC23_1 Pin=IC2-12
Added Pin To Net: NetName=NetC23_1 Pin=IC2-13
Added Pin To Net: NetName=NetC23_1 Pin=IC2-14
Added Net: Name=NetC23_1
Added Pin To Net: NetName=NetC24_1 Pin=C24-1
Added Pin To Net: NetName=NetC24_1 Pin=IC2-1
Added Pin To Net: NetName=NetC24_1 Pin=J1-1
Added Net: Name=NetC24_1
Added Pin To Net: NetName=NetC25_1 Pin=C25-1
Added Pin To Net: NetName=NetC25_1 Pin=IC2-19
Added Pin To Net: NetName=NetC25_1 Pin=IC2-20
Added Pin To Net: NetName=NetC25_1 Pin=L1-2
Added Net: Name=NetC25_1
Added Pin To Net: NetName=NetC25_2 Pin=C25-2
Added Pin To Net: NetName=NetC25_2 Pin=IC2-21
Added Net: Name=NetC25_2
Added Pin To Net: NetName=NetIC1_B6 Pin=IC1-B6
Added Pin To Net: NetName=NetIC1_B6 Pin=R1-2
Added Net: Name=NetIC1_B6
Added Pin To Net: NetName=NetIC1_C4 Pin=IC1-C4
Added Pin To Net: NetName=NetIC1_C4 Pin=Y1-3
Added Net: Name=NetIC1_C4
Added Pin To Net: NetName=NetIC2_2 Pin=IC2-2
Added Pin To Net: NetName=NetIC2_2 Pin=J1-3
Added Net: Name=NetIC2_2
Added Pin To Net: NetName=NetIC2_3 Pin=IC2-3
Added Pin To Net: NetName=NetIC2_3 Pin=J1-2
Added Net: Name=NetIC2_3
Added Pin To Net: NetName=NetIC2_10 Pin=IC2-10
Added Pin To Net: NetName=NetIC2_10 Pin=R17-2
Added Net: Name=NetIC2_10
Added Pin To Net: NetName=NetIC3_20 Pin=IC3-20
Added Pin To Net: NetName=NetIC3_20 Pin=J?-2
Added Net: Name=NetIC3_20
Added Pin To Net: NetName=NetIC3_21 Pin=IC3-21
Added Pin To Net: NetName=NetIC3_21 Pin=J?-1
Added Net: Name=NetIC3_21
Added Pin To Net: NetName=NetIC3_22 Pin=IC3-22
Added Pin To Net: NetName=NetIC3_22 Pin=J?-6
Added Net: Name=NetIC3_22
Added Pin To Net: NetName=NetIC3_23 Pin=IC3-23
Added Pin To Net: NetName=NetIC3_23 Pin=J?-3
Added Net: Name=NetIC3_23
Added Pin To Net: NetName=NetIC3_24 Pin=IC3-24
Added Pin To Net: NetName=NetIC3_24 Pin=R5-1
Added Net: Name=NetIC3_24
Added Pin To Net: NetName=NetIC?_37 Pin=IC?-37
Added Pin To Net: NetName=NetIC?_37 Pin=R18-2
Added Net: Name=NetIC?_37
Added Pin To Net: NetName=NetIC?_99 Pin=IC?-99
Added Pin To Net: NetName=NetIC?_99 Pin=R12-2
Added Pin To Net: NetName=NetIC?_99 Pin=R13-1
Added Net: Name=NetIC?_99
Added Pin To Net: NetName=NetJ?_4 Pin=J?-4
Added Pin To Net: NetName=NetJ?_4 Pin=R6-2
Added Net: Name=NetJ?_4
Added Pin To Net: NetName=NetJ?_5 Pin=J?-5
Added Pin To Net: NetName=NetJ?_5 Pin=R11-2
Added Net: Name=NetJ?_5
Added Pin To Net: NetName=NetJ?_7 Pin=J?-7
Added Pin To Net: NetName=NetJ?_7 Pin=R10-2
Added Net: Name=NetJ?_7
Added Pin To Net: NetName=NetJ?_8 Pin=J?-8
Added Pin To Net: NetName=NetJ?_8 Pin=R9-2
Added Net: Name=NetJ?_8
Added Pin To Net: NetName=NetJ?_9 Pin=J?-9
Added Pin To Net: NetName=NetJ?_9 Pin=R8-2
Added Net: Name=NetJ?_9
Added Pin To Net: NetName=NetJ?_10 Pin=J?-10
Added Pin To Net: NetName=NetJ?_10 Pin=R7-2
Added Net: Name=NetJ?_10
Added Pin To Net: NetName=NetPS?_3 Pin=PS?-3
Added Pin To Net: NetName=NetPS?_3 Pin=R20-1
Added Net: Name=NetPS?_3
Added Pin To Net: NetName=NetR14_1 Pin=R14-1
Added Pin To Net: NetName=NetR14_1 Pin=R15-2
Added Pin To Net: NetName=NetR14_1 Pin=RK?-2
Added Net: Name=NetR14_1
Added Pin To Net: NetName=NRST Pin=IC?-14
Added Pin To Net: NetName=NRST Pin=XP?-5
Added Net: Name=NRST
Added Pin To Net: NetName=PA1 Pin=IC3-14
Added Pin To Net: NetName=PA1 Pin=IC?-24
Added Pin To Net: NetName=PA1 Pin=Y2-3
Added Net: Name=PA1
Added Pin To Net: NetName=PA2 Pin=C12-1
Added Pin To Net: NetName=PA2 Pin=IC3-1
Added Pin To Net: NetName=PA2 Pin=IC3-12
Added Pin To Net: NetName=PA2 Pin=IC?-25
Added Pin To Net: NetName=PA2 Pin=R3-2
Added Pin To Net: NetName=PA2 Pin=R4-2
Added Net: Name=PA2
Added Pin To Net: NetName=PA4 Pin=IC1-C3
Added Pin To Net: NetName=PA4 Pin=IC?-29
Added Net: Name=PA4
Added Pin To Net: NetName=PA6 Pin=IC1-E3
Added Pin To Net: NetName=PA6 Pin=IC?-31
Added Net: Name=PA6
Added Pin To Net: NetName=PA7 Pin=IC3-11
Added Pin To Net: NetName=PA7 Pin=IC?-32
Added Net: Name=PA7
Added Pin To Net: NetName=PA9 Pin=IC2-6
Added Pin To Net: NetName=PA9 Pin=IC?-68
Added Net: Name=PA9
Added Pin To Net: NetName=PA10 Pin=IC2-5
Added Pin To Net: NetName=PA10 Pin=IC?-69
Added Net: Name=PA10
Added Pin To Net: NetName=PA13 Pin=IC?-72
Added Pin To Net: NetName=PA13 Pin=XP?-4
Added Net: Name=PA13
Added Pin To Net: NetName=PA14 Pin=IC?-76
Added Pin To Net: NetName=PA14 Pin=XP?-2
Added Net: Name=PA14
Added Pin To Net: NetName=PB6 Pin=IC1-G5
Added Pin To Net: NetName=PB6 Pin=IC?-92
Added Net: Name=PB6
Added Pin To Net: NetName=PB7 Pin=IC1-D2
Added Pin To Net: NetName=PB7 Pin=IC?-93
Added Net: Name=PB7
Added Pin To Net: NetName=PB8 Pin=IC1-C2
Added Pin To Net: NetName=PB8 Pin=IC?-95
Added Net: Name=PB8
Added Pin To Net: NetName=PB9 Pin=IC1-C1
Added Pin To Net: NetName=PB9 Pin=IC?-96
Added Net: Name=PB9
Added Pin To Net: NetName=PB11 Pin=IC3-16
Added Pin To Net: NetName=PB11 Pin=IC?-48
Added Net: Name=PB11
Added Pin To Net: NetName=PB12 Pin=IC3-17
Added Pin To Net: NetName=PB12 Pin=IC?-51
Added Net: Name=PB12
Added Pin To Net: NetName=PB13 Pin=IC3-18
Added Pin To Net: NetName=PB13 Pin=IC?-52
Added Net: Name=PB13
Added Pin To Net: NetName=PC1 Pin=IC2-8
Added Pin To Net: NetName=PC1 Pin=IC3-13
Added Pin To Net: NetName=PC1 Pin=IC?-16
Added Pin To Net: NetName=PC1 Pin=R16-1
Added Net: Name=PC1
Added Pin To Net: NetName=PC4 Pin=IC3-8
Added Pin To Net: NetName=PC4 Pin=IC?-33
Added Net: Name=PC4
Added Pin To Net: NetName=PC5 Pin=IC3-7
Added Pin To Net: NetName=PC5 Pin=IC?-34
Added Net: Name=PC5
Added Pin To Net: NetName=PC6 Pin=IC1-F4
Added Pin To Net: NetName=PC6 Pin=IC?-63
Added Net: Name=PC6
Added Pin To Net: NetName=PC7 Pin=IC1-G4
Added Pin To Net: NetName=PC7 Pin=IC?-64
Added Net: Name=PC7
Added Pin To Net: NetName=PC13 Pin=IC2-7
Added Pin To Net: NetName=PC13 Pin=IC?-7
Added Net: Name=PC13
Added Pin To Net: NetName=PD3 Pin=IC3-15
Added Pin To Net: NetName=PD3 Pin=IC?-84
Added Net: Name=PD3
Added Pin To Net: NetName=PE0 Pin=IC1-F3
Added Pin To Net: NetName=PE0 Pin=IC?-97
Added Net: Name=PE0
Added Pin To Net: NetName=PE1 Pin=IC1-G3
Added Pin To Net: NetName=PE1 Pin=IC?-98
Added Net: Name=PE1
Added Pin To Net: NetName=PE4 Pin=IC1-E5
Added Pin To Net: NetName=PE4 Pin=IC?-3
Added Net: Name=PE4
Added Pin To Net: NetName=PE5 Pin=IC1-F5
Added Pin To Net: NetName=PE5 Pin=IC?-4
Added Net: Name=PE5
Added Pin To Net: NetName=PE6 Pin=IC1-G6
Added Pin To Net: NetName=PE6 Pin=IC?-5
Added Net: Name=PE6
Added Class: Name=Sheet1
Added Room: Name=Sheet1
