Change Component Designator: OldDesignator=IC2 NewDesignator=DD3
Change Component Designator: OldDesignator=IC3 NewDesignator=DD2
Change Component Designator: OldDesignator=IC? NewDesignator=DD1
Change Component Designator: OldDesignator=J1 NewDesignator=XS
Change Component Designator: OldDesignator=J? NewDesignator=XS2
Change Component Designator: OldDesignator=PS? NewDesignator=DA
Change Component Designator: OldDesignator=XP? NewDesignator=XS1
Change Component Designator: OldDesignator=Y1 NewDesignator=G1
Change Component Designator: OldDesignator=Y2 NewDesignator=G2
Change Component Designator: OldDesignator=Z2 NewDesignator=ZQ1
Change Component Designator: OldDesignator=Z? NewDesignator=ZQ2
Change Net Name : Old Net Name=NetIC1_C4 New Net Name=NetG1_3
Change Net Name : Old Net Name=NetIC2_2 New Net Name=NetDD3_2
Change Net Name : Old Net Name=NetIC2_3 New Net Name=NetDD3_3
Change Net Name : Old Net Name=NetIC2_10 New Net Name=NetDD3_10
Change Net Name : Old Net Name=NetIC3_20 New Net Name=NetDD2_20
Change Net Name : Old Net Name=NetIC3_21 New Net Name=NetDD2_21
Change Net Name : Old Net Name=NetIC3_22 New Net Name=NetDD2_22
Change Net Name : Old Net Name=NetIC3_23 New Net Name=NetDD2_23
Change Net Name : Old Net Name=NetIC3_24 New Net Name=NetDD2_24
Change Net Name : Old Net Name=NetIC?_37 New Net Name=NetDD1_37
Change Net Name : Old Net Name=NetIC?_99 New Net Name=NetDD1_99
Change Net Name : Old Net Name=NetJ?_4 New Net Name=NetR8_2
Change Net Name : Old Net Name=NetJ?_5 New Net Name=NetR11_2
Change Net Name : Old Net Name=NetJ?_7 New Net Name=NetR10_2
Change Net Name : Old Net Name=NetJ?_8 New Net Name=NetR9_2
Change Net Name : Old Net Name=NetPS?_3 New Net Name=NetDA_3
Added Room: Name=Sheet1
